<?xml version="1.0" encoding="UTF-8"?>
<!-- Generated by org.testng.reporters.JUnitReportReporter -->
<testsuite hostname="SadakarP" failures="0" tests="2" name="com.sadakar.testng.runner.RunCucumberTest" time="29.622" errors="0" timestamp="2022-07-17T23:13:25 IST" skipped="0">
  <testcase classname="com.sadakar.testng.runner.RunCucumberTest" name="runScenario" time="20.383"/>
  <system-out/>
  <testcase classname="com.sadakar.testng.runner.RunCucumberTest" name="runScenario" time="9.239"/>
  <system-out/>
</testsuite> <!-- com.sadakar.testng.runner.RunCucumberTest -->
